<?xml version="1.0" encoding="UTF-8"?>
<!-- Generated by org.testng.reporters.JUnitXMLReporter -->
<testsuite ignored="0" hostname="ChanakyaAcer" failures="0" tests="2" name="Testing the data provider" time="33.899" errors="0" timestamp="2022-01-06T16:46:36 AEST">
  <testcase classname="org.chanakya.E2EProject.HomePageTestCase" name="basePageNavigaton" time="17.318"/>
  <testcase classname="org.chanakya.E2EProject.HomePageTestCase" name="basePageNavigaton" time="6.392"/>
</testsuite> <!-- Testing the data provider -->
