<?xml version="1.0" encoding="UTF-8"?>
<!-- Generated by org.testng.reporters.JUnitXMLReporter -->
<testsuite hostname="ChanakyaAcer" ignored="0" name="Test" tests="3" failures="0" timestamp="2022-01-05T22:06:52 AEST" time="23.58" errors="0">
  <testcase name="basePageNavigaton" time="7.801" classname="org.chanakya.E2EProject.HomePageTestCase"/>
  <testcase name="basePageNavigaton" time="4.171" classname="org.chanakya.E2EProject.HomePageTestCase"/>
  <testcase name="validateFeaturedTitle" time="3.212" classname="org.chanakya.E2EProject.HomePageTestCase"/>
</testsuite> <!-- Test -->
