<?xml version="1.0" encoding="UTF-8"?>
<!-- Generated by org.testng.reporters.JUnitXMLReporter -->
<testsuite hostname="ChanakyaAcer" ignored="0" name="Testing the data provider" tests="2" failures="0" timestamp="2022-01-07T09:22:10 AEST" time="78.593" errors="0">
  <testcase name="basePageNavigaton" time="44.843" classname="org.chanakya.E2EProject.HomePageTestCase"/>
  <testcase name="basePageNavigaton" time="21.473" classname="org.chanakya.E2EProject.HomePageTestCase"/>
</testsuite> <!-- Testing the data provider -->
